#
# There is insufficient memory for the Java Runtime Environment to continue.
# Native memory allocation (malloc) failed to allocate 1183776 bytes for Chunk::new
# Possible reasons:
#   The system is out of physical RAM or swap space
#   The process is running with CompressedOops enabled, and the Java Heap may be blocking the growth of the native heap
# Possible solutions:
#   Reduce memory load on the system
#   Increase physical memory or swap space
#   Check if swap backing store is full
#   Decrease Java heap size (-Xmx/-Xms)
#   Decrease number of Java threads
#   Decrease Java thread stack sizes (-Xss)
#   Set larger code cache with -XX:ReservedCodeCacheSize=
#   JVM is running with Zero Based Compressed Oops mode in which the Java heap is
#     placed in the first 32GB address space. The Java Heap base address is the
#     maximum limit for the native heap growth. Please use -XX:HeapBaseMinAddress
#     to set the Java Heap base and to place the Java Heap above 32GB virtual address.
# This output file may be truncated or incomplete.
#
#  Out of Memory Error (allocation.cpp:389), pid=17788, tid=0x0000000000003acc
#
# JRE version: Java(TM) SE Runtime Environment (8.0_271-b09) (build 1.8.0_271-b09)
# Java VM: Java HotSpot(TM) 64-Bit Server VM (25.271-b09 mixed mode windows-amd64 compressed oops)
# Failed to write core dump. Minidumps are not enabled by default on client versions of Windows
#

---------------  T H R E A D  ---------------

Current thread (0x00000232cac14800):  JavaThread "C2 CompilerThread2" daemon [_thread_in_native, id=15052, stack(0x000000e38b500000,0x000000e38b600000)]

Stack: [0x000000e38b500000,0x000000e38b600000]
Native frames: (J=compiled Java code, j=interpreted, Vv=VM code, C=native code)
V  [jvm.dll+0x33f6c9]


Current CompileTask:
C2:   5944 4467   !   4       lombok.core.AST::buildWithField0 (121 bytes)


---------------  P R O C E S S  ---------------

Java Threads: ( => current thread )
  0x00000232cd10c000 JavaThread "Service Thread" daemon [_thread_blocked, id=20688, stack(0x000000e38b700000,0x000000e38b800000)]
  0x00000232cac1f800 JavaThread "C1 CompilerThread3" daemon [_thread_in_vm, id=15724, stack(0x000000e38b600000,0x000000e38b700000)]
=>0x00000232cac14800 JavaThread "C2 CompilerThread2" daemon [_thread_in_native, id=15052, stack(0x000000e38b500000,0x000000e38b600000)]
  0x00000232cac11800 JavaThread "C2 CompilerThread1" daemon [_thread_in_native, id=22324, stack(0x000000e38b400000,0x000000e38b500000)]
  0x00000232cac0d800 JavaThread "C2 CompilerThread0" daemon [_thread_in_native, id=20528, stack(0x000000e38b300000,0x000000e38b400000)]
  0x00000232cac0b000 JavaThread "Attach Listener" daemon [_thread_blocked, id=22276, stack(0x000000e38b200000,0x000000e38b300000)]
  0x00000232cac0a000 JavaThread "Signal Dispatcher" daemon [_thread_blocked, id=20020, stack(0x000000e38b100000,0x000000e38b200000)]
  0x00000232cabdf000 JavaThread "Finalizer" daemon [_thread_blocked, id=10156, stack(0x000000e38b000000,0x000000e38b100000)]
  0x00000232cabd8800 JavaThread "Reference Handler" daemon [_thread_blocked, id=15596, stack(0x000000e38af00000,0x000000e38b000000)]
  0x00000232b0347800 JavaThread "main" [_thread_in_native, id=15144, stack(0x000000e38a300000,0x000000e38a400000)]

Other Threads:
  0x00000232caba7000 VMThread [stack: 0x000000e38ae00000,0x000000e38af00000] [id=4708]
  0x00000232cd129000 WatcherThread [stack: 0x000000e38b800000,0x000000e38b900000] [id=17292]

VM state:not at safepoint (normal execution)

VM Mutex/Monitor currently owned by a thread: None

heap address: 0x00000006c9400000, size: 3948 MB, Compressed Oops mode: Zero based, Oop shift amount: 3
Narrow klass base: 0x0000000000000000, Narrow klass shift: 3
Compressed class space size: 1073741824 Address: 0x00000007c0000000

Heap:
 PSYoungGen      total 138240K, used 74262K [0x000000076dc00000, 0x000000077ae00000, 0x00000007c0000000)
  eden space 128000K, 50% used [0x000000076dc00000,0x0000000771a8ca80,0x0000000775900000)
  from space 10240K, 99% used [0x0000000775900000,0x00000007762f8df0,0x0000000776300000)
  to   space 19456K, 0% used [0x0000000779b00000,0x0000000779b00000,0x000000077ae00000)
 ParOldGen       total 123392K, used 22158K [0x00000006c9400000, 0x00000006d0c80000, 0x000000076dc00000)
  object space 123392K, 17% used [0x00000006c9400000,0x00000006ca9a3998,0x00000006d0c80000)
 Metaspace       used 25037K, capacity 25790K, committed 25984K, reserved 1073152K
  class space    used 2903K, capacity 3140K, committed 3200K, reserved 1048576K

Card table byte_map: [0x00000232c10e0000,0x00000232c18a0000] byte_map_base: 0x00000232bda96000

Marking Bits: (ParMarkBitMap*) 0x00000000750d7fe0
 Begin Bits: [0x00000232c1dd0000, 0x00000232c5b80000)
 End Bits:   [0x00000232c5b80000, 0x00000232c9930000)

Polling page: 0x00000232b1cf0000

CodeCache: size=245760Kb used=16868Kb max_used=16868Kb free=228891Kb
 bounds [0x00000232b1d20000, 0x00000232b2db0000, 0x00000232c0d20000]
 total_blobs=4944 nmethods=4538 adapters=319
 compilation: enabled

Compilation events (10 events):
Event: 5.914 Thread 0x00000232cac1f800 nmethod 4566 0x00000232b2da4a10 code [0x00000232b2da4b80, 0x00000232b2da4d70]
Event: 5.927 Thread 0x00000232cac1f800 4567       3       com.sun.tools.javac.comp.Attr$ResultInfo::<init> (26 bytes)
Event: 5.927 Thread 0x00000232cac1f800 nmethod 4567 0x00000232b2da4e50 code [0x00000232b2da4fa0, 0x00000232b2da5198]
Event: 5.936 Thread 0x00000232cac1f800 4568       3       java.util.HashSet::clear (8 bytes)
Event: 5.936 Thread 0x00000232cac1f800 nmethod 4568 0x00000232b2da5250 code [0x00000232b2da53c0, 0x00000232b2da55f0]
Event: 5.936 Thread 0x00000232cac1f800 4569       3       java.util.EnumSet::copyOf (81 bytes)
Event: 5.937 Thread 0x00000232cac1f800 nmethod 4569 0x00000232b2da5690 code [0x00000232b2da58e0, 0x00000232b2da67f0]
Event: 5.941 Thread 0x00000232cac1f800 4570       3       com.sun.tools.javac.code.Types$15::visitClassType (10 bytes)
Event: 5.941 Thread 0x00000232cac1f800 nmethod 4570 0x00000232b2da6c90 code [0x00000232b2da6e00, 0x00000232b2da7090]
Event: 5.941 Thread 0x00000232cac1f800 4571       3       com.sun.tools.javac.code.Types$15::visitClassType (37 bytes)

GC Heap History (10 events):
Event: 2.225 GC heap before
{Heap before GC invocations=2 (full 0):
 PSYoungGen      total 74240K, used 71624K [0x000000076dc00000, 0x0000000772e80000, 0x00000007c0000000)
  eden space 64000K, 100% used [0x000000076dc00000,0x0000000771a80000,0x0000000771a80000)
  from space 10240K, 74% used [0x0000000771a80000,0x00000007721f21b8,0x0000000772480000)
  to   space 10240K, 0% used [0x0000000772480000,0x0000000772480000,0x0000000772e80000)
 ParOldGen       total 169472K, used 16K [0x00000006c9400000, 0x00000006d3980000, 0x000000076dc00000)
  object space 169472K, 0% used [0x00000006c9400000,0x00000006c9404000,0x00000006d3980000)
 Metaspace       used 15524K, capacity 15828K, committed 16128K, reserved 1062912K
  class space    used 1873K, capacity 1976K, committed 2048K, reserved 1048576K
Event: 2.234 GC heap after
Heap after GC invocations=2 (full 0):
 PSYoungGen      total 74240K, used 10217K [0x000000076dc00000, 0x0000000772e80000, 0x00000007c0000000)
  eden space 64000K, 0% used [0x000000076dc00000,0x000000076dc00000,0x0000000771a80000)
  from space 10240K, 99% used [0x0000000772480000,0x0000000772e7a7f0,0x0000000772e80000)
  to   space 10240K, 0% used [0x0000000771a80000,0x0000000771a80000,0x0000000772480000)
 ParOldGen       total 169472K, used 934K [0x00000006c9400000, 0x00000006d3980000, 0x000000076dc00000)
  object space 169472K, 0% used [0x00000006c9400000,0x00000006c94e99d0,0x00000006d3980000)
 Metaspace       used 15524K, capacity 15828K, committed 16128K, reserved 1062912K
  class space    used 1873K, capacity 1976K, committed 2048K, reserved 1048576K
}
Event: 2.743 GC heap before
{Heap before GC invocations=3 (full 0):
 PSYoungGen      total 74240K, used 74217K [0x000000076dc00000, 0x0000000772e80000, 0x00000007c0000000)
  eden space 64000K, 100% used [0x000000076dc00000,0x0000000771a80000,0x0000000771a80000)
  from space 10240K, 99% used [0x0000000772480000,0x0000000772e7a7f0,0x0000000772e80000)
  to   space 10240K, 0% used [0x0000000771a80000,0x0000000771a80000,0x0000000772480000)
 ParOldGen       total 169472K, used 934K [0x00000006c9400000, 0x00000006d3980000, 0x000000076dc00000)
  object space 169472K, 0% used [0x00000006c9400000,0x00000006c94e99d0,0x00000006d3980000)
 Metaspace       used 16311K, capacity 16594K, committed 16896K, reserved 1064960K
  class space    used 1915K, capacity 2013K, committed 2048K, reserved 1048576K
Event: 2.753 GC heap after
Heap after GC invocations=3 (full 0):
 PSYoungGen      total 74240K, used 10208K [0x000000076dc00000, 0x0000000776d00000, 0x00000007c0000000)
  eden space 64000K, 0% used [0x000000076dc00000,0x000000076dc00000,0x0000000771a80000)
  from space 10240K, 99% used [0x0000000771a80000,0x0000000772478040,0x0000000772480000)
  to   space 10240K, 0% used [0x0000000776300000,0x0000000776300000,0x0000000776d00000)
 ParOldGen       total 169472K, used 2542K [0x00000006c9400000, 0x00000006d3980000, 0x000000076dc00000)
  object space 169472K, 1% used [0x00000006c9400000,0x00000006c967bb40,0x00000006d3980000)
 Metaspace       used 16311K, capacity 16594K, committed 16896K, reserved 1064960K
  class space    used 1915K, capacity 2013K, committed 2048K, reserved 1048576K
}
Event: 3.484 GC heap before
{Heap before GC invocations=4 (full 0):
 PSYoungGen      total 74240K, used 73007K [0x000000076dc00000, 0x0000000776d00000, 0x00000007c0000000)
  eden space 64000K, 98% used [0x000000076dc00000,0x0000000771953f40,0x0000000771a80000)
  from space 10240K, 99% used [0x0000000771a80000,0x0000000772478040,0x0000000772480000)
  to   space 10240K, 0% used [0x0000000776300000,0x0000000776300000,0x0000000776d00000)
 ParOldGen       total 169472K, used 2542K [0x00000006c9400000, 0x00000006d3980000, 0x000000076dc00000)
  object space 169472K, 1% used [0x00000006c9400000,0x00000006c967bb40,0x00000006d3980000)
 Metaspace       used 20613K, capacity 21120K, committed 21296K, reserved 1069056K
  class space    used 2457K, capacity 2626K, committed 2688K, reserved 1048576K
Event: 3.495 GC heap after
Heap after GC invocations=4 (full 0):
 PSYoungGen      total 138240K, used 10224K [0x000000076dc00000, 0x0000000776d00000, 0x00000007c0000000)
  eden space 128000K, 0% used [0x000000076dc00000,0x000000076dc00000,0x0000000775900000)
  from space 10240K, 99% used [0x0000000776300000,0x0000000776cfc030,0x0000000776d00000)
  to   space 10240K, 0% used [0x0000000775900000,0x0000000775900000,0x0000000776300000)
 ParOldGen       total 169472K, used 7276K [0x00000006c9400000, 0x00000006d3980000, 0x000000076dc00000)
  object space 169472K, 4% used [0x00000006c9400000,0x00000006c9b1b228,0x00000006d3980000)
 Metaspace       used 20613K, capacity 21120K, committed 21296K, reserved 1069056K
  class space    used 2457K, capacity 2626K, committed 2688K, reserved 1048576K
}
Event: 3.495 GC heap before
{Heap before GC invocations=5 (full 1):
 PSYoungGen      total 138240K, used 10224K [0x000000076dc00000, 0x0000000776d00000, 0x00000007c0000000)
  eden space 128000K, 0% used [0x000000076dc00000,0x000000076dc00000,0x0000000775900000)
  from space 10240K, 99% used [0x0000000776300000,0x0000000776cfc030,0x0000000776d00000)
  to   space 10240K, 0% used [0x0000000775900000,0x0000000775900000,0x0000000776300000)
 ParOldGen       total 169472K, used 7276K [0x00000006c9400000, 0x00000006d3980000, 0x000000076dc00000)
  object space 169472K, 4% used [0x00000006c9400000,0x00000006c9b1b228,0x00000006d3980000)
 Metaspace       used 20613K, capacity 21120K, committed 21296K, reserved 1069056K
  class space    used 2457K, capacity 2626K, committed 2688K, reserved 1048576K
Event: 3.553 GC heap after
Heap after GC invocations=5 (full 1):
 PSYoungGen      total 138240K, used 0K [0x000000076dc00000, 0x0000000776d00000, 0x00000007c0000000)
  eden space 128000K, 0% used [0x000000076dc00000,0x000000076dc00000,0x0000000775900000)
  from space 10240K, 0% used [0x0000000776300000,0x0000000776300000,0x0000000776d00000)
  to   space 10240K, 0% used [0x0000000775900000,0x0000000775900000,0x0000000776300000)
 ParOldGen       total 123392K, used 15713K [0x00000006c9400000, 0x00000006d0c80000, 0x000000076dc00000)
  object space 123392K, 12% used [0x00000006c9400000,0x00000006ca358460,0x00000006d0c80000)
 Metaspace       used 20613K, capacity 21120K, committed 21296K, reserved 1069056K
  class space    used 2457K, capacity 2626K, committed 2688K, reserved 1048576K
}
Event: 5.409 GC heap before
{Heap before GC invocations=6 (full 1):
 PSYoungGen      total 138240K, used 128000K [0x000000076dc00000, 0x0000000776d00000, 0x00000007c0000000)
  eden space 128000K, 100% used [0x000000076dc00000,0x0000000775900000,0x0000000775900000)
  from space 10240K, 0% used [0x0000000776300000,0x0000000776300000,0x0000000776d00000)
  to   space 10240K, 0% used [0x0000000775900000,0x0000000775900000,0x0000000776300000)
 ParOldGen       total 123392K, used 15713K [0x00000006c9400000, 0x00000006d0c80000, 0x000000076dc00000)
  object space 123392K, 12% used [0x00000006c9400000,0x00000006ca358460,0x00000006d0c80000)
 Metaspace       used 24411K, capacity 25104K, committed 25344K, reserved 1071104K
  class space    used 2844K, capacity 3056K, committed 3072K, reserved 1048576K
Event: 5.420 GC heap after
Heap after GC invocations=6 (full 1):
 PSYoungGen      total 138240K, used 10211K [0x000000076dc00000, 0x000000077ae00000, 0x00000007c0000000)
  eden space 128000K, 0% used [0x000000076dc00000,0x000000076dc00000,0x0000000775900000)
  from space 10240K, 99% used [0x0000000775900000,0x00000007762f8df0,0x0000000776300000)
  to   space 19456K, 0% used [0x0000000779b00000,0x0000000779b00000,0x000000077ae00000)
 ParOldGen       total 123392K, used 22158K [0x00000006c9400000, 0x00000006d0c80000, 0x000000076dc00000)
  object space 123392K, 17% used [0x00000006c9400000,0x00000006ca9a3998,0x00000006d0c80000)
 Metaspace       used 24411K, capacity 25104K, committed 25344K, reserved 1071104K
  class space    used 2844K, capacity 3056K, committed 3072K, reserved 1048576K
}

Deoptimization events (10 events):
Event: 5.373 Thread 0x00000232b0347800 Uncommon trap: reason=class_check action=maybe_recompile pc=0x00000232b24b0010 method=java.util.Collections$UnmodifiableMap$UnmodifiableEntrySet$1.hasNext()Z @ 4
Event: 5.373 Thread 0x00000232b0347800 Uncommon trap: reason=class_check action=maybe_recompile pc=0x00000232b24dc480 method=java.util.Collections$UnmodifiableMap$UnmodifiableEntrySet$1.next()Ljava/util/Map$Entry; @ 8
Event: 5.373 Thread 0x00000232b0347800 Uncommon trap: reason=class_check action=maybe_recompile pc=0x00000232b24ccf88 method=java.util.Collections$UnmodifiableMap$UnmodifiableEntrySet$UnmodifiableEntry.getKey()Ljava/lang/Object; @ 4
Event: 5.373 Thread 0x00000232b0347800 Uncommon trap: reason=class_check action=maybe_recompile pc=0x00000232b24cccc8 method=java.util.Collections$UnmodifiableMap$UnmodifiableEntrySet$UnmodifiableEntry.getValue()Ljava/lang/Object; @ 4
Event: 5.373 Thread 0x00000232b0347800 Uncommon trap: reason=class_check action=maybe_recompile pc=0x00000232b24b0010 method=java.util.Collections$UnmodifiableMap$UnmodifiableEntrySet$1.hasNext()Z @ 4
Event: 5.373 Thread 0x00000232b0347800 Uncommon trap: reason=class_check action=maybe_recompile pc=0x00000232b24dc480 method=java.util.Collections$UnmodifiableMap$UnmodifiableEntrySet$1.next()Ljava/util/Map$Entry; @ 8
Event: 5.373 Thread 0x00000232b0347800 Uncommon trap: reason=class_check action=maybe_recompile pc=0x00000232b24ccf88 method=java.util.Collections$UnmodifiableMap$UnmodifiableEntrySet$UnmodifiableEntry.getKey()Ljava/lang/Object; @ 4
Event: 5.373 Thread 0x00000232b0347800 Uncommon trap: reason=class_check action=maybe_recompile pc=0x00000232b24cccc8 method=java.util.Collections$UnmodifiableMap$UnmodifiableEntrySet$UnmodifiableEntry.getValue()Ljava/lang/Object; @ 4
Event: 5.522 Thread 0x00000232b0347800 Uncommon trap: reason=unstable_if action=reinterpret pc=0x00000232b2cce6fc method=com.sun.tools.javac.code.Scope.lookup(Lcom/sun/tools/javac/util/Name;Lcom/sun/tools/javac/util/Filter;)Lcom/sun/tools/javac/code/Scope$Entry; @ 19
Event: 5.556 Thread 0x00000232b0347800 Uncommon trap: reason=unstable_if action=reinterpret pc=0x00000232b2b07620 method=com.sun.tools.javac.code.Scope.dble()V @ 39

Classes redefined (0 events):
No events

Internal exceptions (10 events):
Event: 2.111 Thread 0x00000232b0347800 Implicit null exception at 0x00000232b23585f9 to 0x00000232b23598d9
Event: 2.281 Thread 0x00000232b0347800 Implicit null exception at 0x00000232b244e003 to 0x00000232b244e24d
Event: 2.526 Thread 0x00000232b0347800 Implicit null exception at 0x00000232b25b2ce8 to 0x00000232b25b3259
Event: 2.697 Thread 0x00000232b0347800 Implicit null exception at 0x00000232b213bc15 to 0x00000232b213be19
Event: 2.699 Thread 0x00000232b0347800 Implicit null exception at 0x00000232b209e16f to 0x00000232b209e1d9
Event: 3.339 Thread 0x00000232b0347800 Exception <a 'java/lang/ClassNotFoundException': com/sun/tools/javac/api/JavacTool> (0x00000007710d9620) thrown at [C:\jenkins\workspace\8-2-build-windows-amd64-cygwin\jdk8u271\605\hotspot\src\share\vm\classfile\systemDictionary.cpp, line 212]
Event: 3.870 Thread 0x00000232b0347800 Exception <a 'java/io/FileNotFoundException'> (0x00000007710cf0e8) thrown at [C:\jenkins\workspace\8-2-build-windows-amd64-cygwin\jdk8u271\605\hotspot\src\share\vm\prims\jni.cpp, line 710]
Event: 3.872 Thread 0x00000232b0347800 Exception <a 'java/io/FileNotFoundException'> (0x0000000771127980) thrown at [C:\jenkins\workspace\8-2-build-windows-amd64-cygwin\jdk8u271\605\hotspot\src\share\vm\prims\jni.cpp, line 710]
Event: 5.025 Thread 0x00000232b0347800 Implicit null exception at 0x00000232b23e35b3 to 0x00000232b23e39f5
Event: 5.029 Thread 0x00000232b0347800 Implicit null exception at 0x00000232b23f6a55 to 0x00000232b23f6c55

Events (10 events):
Event: 5.632 loading class com/sun/tools/javac/processing/JavacProcessingEnvironment$2
Event: 5.632 loading class com/sun/tools/javac/processing/JavacProcessingEnvironment$2 done
Event: 5.632 loading class com/sun/tools/javac/util/JCDiagnostic$1
Event: 5.632 loading class com/sun/tools/javac/util/JCDiagnostic$1 done
Event: 5.632 loading class com/sun/tools/javac/util/Log$2
Event: 5.632 loading class com/sun/tools/javac/util/Log$2 done
Event: 5.633 loading class com/sun/tools/javac/util/Log$WriterKind
Event: 5.633 loading class com/sun/tools/javac/util/Log$WriterKind done
Event: 5.633 loading class com/sun/tools/javac/api/ClientCodeWrapper$DiagnosticSourceUnwrapper
Event: 5.633 loading class com/sun/tools/javac/api/ClientCodeWrapper$DiagnosticSourceUnwrapper done


Dynamic libraries:
0x00007ff6d9360000 - 0x00007ff6d93a7000 	C:\Program Files\Java\jdk1.8.0_271\bin\javaw.exe
0x00007fffc3860000 - 0x00007fffc3a69000 	C:\WINDOWS\SYSTEM32\ntdll.dll
0x00007fffc35b0000 - 0x00007fffc366d000 	C:\WINDOWS\System32\KERNEL32.DLL
0x00007fffc0d30000 - 0x00007fffc10ab000 	C:\WINDOWS\System32\KERNELBASE.dll
0x00007fffc1b70000 - 0x00007fffc1c1e000 	C:\WINDOWS\System32\ADVAPI32.dll
0x00007fffc2090000 - 0x00007fffc2133000 	C:\WINDOWS\System32\msvcrt.dll
0x00007fffc3080000 - 0x00007fffc311e000 	C:\WINDOWS\System32\sechost.dll
0x00007fffc2250000 - 0x00007fffc2370000 	C:\WINDOWS\System32\RPCRT4.dll
0x00007fffc19b0000 - 0x00007fffc1b5d000 	C:\WINDOWS\System32\USER32.dll
0x00007fffc10b0000 - 0x00007fffc10d6000 	C:\WINDOWS\System32\win32u.dll
0x00007fffc2220000 - 0x00007fffc2249000 	C:\WINDOWS\System32\GDI32.dll
0x00007fffc1450000 - 0x00007fffc1568000 	C:\WINDOWS\System32\gdi32full.dll
0x00007fffc13b0000 - 0x00007fffc144d000 	C:\WINDOWS\System32\msvcp_win.dll
0x00007fffc11d0000 - 0x00007fffc12e1000 	C:\WINDOWS\System32\ucrtbase.dll
0x00007fffb0f40000 - 0x00007fffb11e5000 	C:\WINDOWS\WinSxS\amd64_microsoft.windows.common-controls_6595b64144ccf1df_6.0.22000.120_none_9d947278b86cc467\COMCTL32.dll
0x00007fffc2d90000 - 0x00007fffc2dc1000 	C:\WINDOWS\System32\IMM32.DLL
0x00007fff62360000 - 0x00007fff62375000 	C:\Program Files\Java\jdk1.8.0_271\jre\bin\vcruntime140.dll
0x00007fff5b8c0000 - 0x00007fff5b95b000 	C:\Program Files\Java\jdk1.8.0_271\jre\bin\msvcp140.dll
0x00000000748e0000 - 0x000000007514f000 	C:\Program Files\Java\jdk1.8.0_271\jre\bin\server\jvm.dll
0x00007fffc2bb0000 - 0x00007fffc2bb8000 	C:\WINDOWS\System32\PSAPI.DLL
0x00007fffb1200000 - 0x00007fffb1209000 	C:\WINDOWS\SYSTEM32\WSOCK32.dll
0x00007fffbb820000 - 0x00007fffbb853000 	C:\WINDOWS\SYSTEM32\WINMM.dll
0x00007fffb9100000 - 0x00007fffb910a000 	C:\WINDOWS\SYSTEM32\VERSION.dll
0x00007fffc2140000 - 0x00007fffc21af000 	C:\WINDOWS\System32\WS2_32.dll
0x00007fffbfd70000 - 0x00007fffbfd88000 	C:\WINDOWS\SYSTEM32\kernel.appcore.dll
0x00007fff62cd0000 - 0x00007fff62ce0000 	C:\Program Files\Java\jdk1.8.0_271\jre\bin\verify.dll
0x00007fff5fb70000 - 0x00007fff5fb9b000 	C:\Program Files\Java\jdk1.8.0_271\jre\bin\java.dll
0x00007fff5f400000 - 0x00007fff5f418000 	C:\Program Files\Java\jdk1.8.0_271\jre\bin\zip.dll
0x00007fffc2370000 - 0x00007fffc2b28000 	C:\WINDOWS\System32\SHELL32.dll
0x00007fffbede0000 - 0x00007fffbf645000 	C:\WINDOWS\SYSTEM32\windows.storage.dll
0x00007fffc3210000 - 0x00007fffc3587000 	C:\WINDOWS\System32\combase.dll
0x00007fffbec70000 - 0x00007fffbedd6000 	C:\WINDOWS\SYSTEM32\wintypes.dll
0x00007fffc2dd0000 - 0x00007fffc2eba000 	C:\WINDOWS\System32\SHCORE.dll
0x00007fffc2cd0000 - 0x00007fffc2d2d000 	C:\WINDOWS\System32\shlwapi.dll
0x00007fffc0c60000 - 0x00007fffc0c81000 	C:\WINDOWS\SYSTEM32\profapi.dll
0x0000000069ac0000 - 0x0000000069ae4000 	C:\Users\foura\AppData\Local\Temp\jansi-2.4.0-60985f3e2f00d31c-jansi.dll
0x00007fff5f0a0000 - 0x00007fff5f0bc000 	C:\Program Files\Java\jdk1.8.0_271\jre\bin\net.dll
0x00007fffc0250000 - 0x00007fffc02b7000 	C:\WINDOWS\system32\mswsock.dll
0x00007fff5f080000 - 0x00007fff5f093000 	C:\Program Files\Java\jdk1.8.0_271\jre\bin\nio.dll

VM Arguments:
jvm_args: -Dmaven.home=EMBEDDED -Dclassworlds.conf=C:\Users\foura\OneDrive\Documents\allin\springoutils\.metadata\.plugins\org.eclipse.m2e.launching\launches\m2conf491927001329814523.tmp -Dmaven.multiModuleProjectDirectory=C:\Users\foura\OneDrive\Documents\allin\springoutils\ProjetDevops -Dfile.encoding=windows-1252 
java_command: org.codehaus.plexus.classworlds.launcher.Launcher -B -Dstyle.color=always clean install
java_class_path (initial): C:\Users\foura\Downloads\sts-4.16.0.RELEASE\plugins\org.eclipse.m2e.maven.runtime_3.8.601.20220820-1147\jars\plexus-classworlds-2.6.0.jar
Launcher Type: SUN_STANDARD

Environment Variables:
JAVA_HOME=C:\Program Files\Java\jdk1.8.0_271
USERNAME=foura
OS=Windows_NT
PROCESSOR_IDENTIFIER=AMD64 Family 23 Model 96 Stepping 1, AuthenticAMD



---------------  S Y S T E M  ---------------

OS: Windows 10.0 , 64 bit Build 22000 (10.0.22000.708)

CPU:total 12 (initial active 12) (12 cores per cpu, 1 threads per core) family 23 model 96 stepping 1, cmov, cx8, fxsr, mmx, sse, sse2, sse3, ssse3, sse4.1, sse4.2, popcnt, avx, avx2, aes, clmul, mmxext, 3dnowpref, lzcnt, sse4a, tsc, tscinvbit, tscinv, bmi1

Memory: 4k page, physical 16170280k(2220176k free), swap 25041296k(5604k free)

vm_info: Java HotSpot(TM) 64-Bit Server VM (25.271-b09) for windows-amd64 JRE (1.8.0_271-b09), built on Sep 16 2020 19:14:59 by "" with MS VC++ 15.9 (VS2017)

time: Fri Nov  4 22:05:22 2022
timezone: Paris, Madrid
elapsed time: 5.949051 seconds (0d 0h 0m 5s)

